Performing C++ SOURCE FILE Test CXXBuiltIn_FS_BuiltIn failed with the following output:
Change Dir: /home/samsung/DSA PROJECT/build/CMakeFiles/CMakeTmp

Run Build Command(s):/usr/bin/gmake -f Makefile cmTC_4b2a9/fast && /usr/bin/gmake  -f CMakeFiles/cmTC_4b2a9.dir/build.make CMakeFiles/cmTC_4b2a9.dir/build
gmake[1]: Entering directory '/home/samsung/DSA PROJECT/build/CMakeFiles/CMakeTmp'
Building CXX object CMakeFiles/cmTC_4b2a9.dir/src.cxx.o
/usr/bin/c++ -DCXXBuiltIn_FS_BuiltIn  -std=gnu++11 -o CMakeFiles/cmTC_4b2a9.dir/src.cxx.o -c "/home/samsung/DSA PROJECT/build/CMakeFiles/CMakeTmp/src.cxx"
/home/samsung/DSA PROJECT/build/CMakeFiles/CMakeTmp/src.cxx: In function ‘int main()’:
/home/samsung/DSA PROJECT/build/CMakeFiles/CMakeTmp/src.cxx:4:22: error: ‘std::filesystem’ has not been declared
    4 |                 std::filesystem::path p{"       mp/"};
      |                      ^~~~~~~~~~
/home/samsung/DSA PROJECT/build/CMakeFiles/CMakeTmp/src.cxx:5:28: error: ‘std::filesystem’ has not been declared
    5 |                 throw std::filesystem::filesystem_error("Empty file name!", std::make_error_code(std::errc::invalid_argument));
      |                            ^~~~~~~~~~
/home/samsung/DSA PROJECT/build/CMakeFiles/CMakeTmp/src.cxx:5:82: error: ‘make_error_code’ is not a member of ‘std’
    5 |                 throw std::filesystem::filesystem_error("Empty file name!", std::make_error_code(std::errc::invalid_argument));
      |                                                                                  ^~~~~~~~~~~~~~~
/home/samsung/DSA PROJECT/build/CMakeFiles/CMakeTmp/src.cxx:5:103: error: ‘std::errc’ has not been declared
    5 |                 throw std::filesystem::filesystem_error("Empty file name!", std::make_error_code(std::errc::invalid_argument));
      |                                                                                                       ^~~~
gmake[1]: *** [CMakeFiles/cmTC_4b2a9.dir/build.make:78: CMakeFiles/cmTC_4b2a9.dir/src.cxx.o] Error 1
gmake[1]: Leaving directory '/home/samsung/DSA PROJECT/build/CMakeFiles/CMakeTmp'
gmake: *** [Makefile:127: cmTC_4b2a9/fast] Error 2


Source file was:
#include <filesystem>
            int main()
            {
                std::filesystem::path p{"	mp/"};
                throw std::filesystem::filesystem_error("Empty file name!", std::make_error_code(std::errc::invalid_argument));
            }
Performing C++ SOURCE FILE Test CXXBuiltIn_FS_stdcppfs failed with the following output:
Change Dir: /home/samsung/DSA PROJECT/build/CMakeFiles/CMakeTmp

Run Build Command(s):/usr/bin/gmake -f Makefile cmTC_c5ceb/fast && /usr/bin/gmake  -f CMakeFiles/cmTC_c5ceb.dir/build.make CMakeFiles/cmTC_c5ceb.dir/build
gmake[1]: Entering directory '/home/samsung/DSA PROJECT/build/CMakeFiles/CMakeTmp'
Building CXX object CMakeFiles/cmTC_c5ceb.dir/src.cxx.o
/usr/bin/c++ -DCXXBuiltIn_FS_stdcppfs  -std=gnu++11 -o CMakeFiles/cmTC_c5ceb.dir/src.cxx.o -c "/home/samsung/DSA PROJECT/build/CMakeFiles/CMakeTmp/src.cxx"
/home/samsung/DSA PROJECT/build/CMakeFiles/CMakeTmp/src.cxx: In function ‘int main()’:
/home/samsung/DSA PROJECT/build/CMakeFiles/CMakeTmp/src.cxx:4:22: error: ‘std::filesystem’ has not been declared
    4 |                 std::filesystem::path p{"       mp/"};
      |                      ^~~~~~~~~~
/home/samsung/DSA PROJECT/build/CMakeFiles/CMakeTmp/src.cxx:5:28: error: ‘std::filesystem’ has not been declared
    5 |                 throw std::filesystem::filesystem_error("Empty file name!", std::make_error_code(std::errc::invalid_argument));
      |                            ^~~~~~~~~~
/home/samsung/DSA PROJECT/build/CMakeFiles/CMakeTmp/src.cxx:5:82: error: ‘make_error_code’ is not a member of ‘std’
    5 |                 throw std::filesystem::filesystem_error("Empty file name!", std::make_error_code(std::errc::invalid_argument));
      |                                                                                  ^~~~~~~~~~~~~~~
/home/samsung/DSA PROJECT/build/CMakeFiles/CMakeTmp/src.cxx:5:103: error: ‘std::errc’ has not been declared
    5 |                 throw std::filesystem::filesystem_error("Empty file name!", std::make_error_code(std::errc::invalid_argument));
      |                                                                                                       ^~~~
gmake[1]: *** [CMakeFiles/cmTC_c5ceb.dir/build.make:78: CMakeFiles/cmTC_c5ceb.dir/src.cxx.o] Error 1
gmake[1]: Leaving directory '/home/samsung/DSA PROJECT/build/CMakeFiles/CMakeTmp'
gmake: *** [Makefile:127: cmTC_c5ceb/fast] Error 2


Source file was:
#include <filesystem>
            int main()
            {
                std::filesystem::path p{"	mp/"};
                throw std::filesystem::filesystem_error("Empty file name!", std::make_error_code(std::errc::invalid_argument));
            }
Performing C++ SOURCE FILE Test CXXBuiltIn_FS_cppfs failed with the following output:
Change Dir: /home/samsung/DSA PROJECT/build/CMakeFiles/CMakeTmp

Run Build Command(s):/usr/bin/gmake -f Makefile cmTC_f46f6/fast && /usr/bin/gmake  -f CMakeFiles/cmTC_f46f6.dir/build.make CMakeFiles/cmTC_f46f6.dir/build
gmake[1]: Entering directory '/home/samsung/DSA PROJECT/build/CMakeFiles/CMakeTmp'
Building CXX object CMakeFiles/cmTC_f46f6.dir/src.cxx.o
/usr/bin/c++ -DCXXBuiltIn_FS_cppfs  -std=gnu++11 -o CMakeFiles/cmTC_f46f6.dir/src.cxx.o -c "/home/samsung/DSA PROJECT/build/CMakeFiles/CMakeTmp/src.cxx"
/home/samsung/DSA PROJECT/build/CMakeFiles/CMakeTmp/src.cxx: In function ‘int main()’:
/home/samsung/DSA PROJECT/build/CMakeFiles/CMakeTmp/src.cxx:4:22: error: ‘std::filesystem’ has not been declared
    4 |                 std::filesystem::path p{"       mp/"};
      |                      ^~~~~~~~~~
/home/samsung/DSA PROJECT/build/CMakeFiles/CMakeTmp/src.cxx:5:28: error: ‘std::filesystem’ has not been declared
    5 |                 throw std::filesystem::filesystem_error("Empty file name!", std::make_error_code(std::errc::invalid_argument));
      |                            ^~~~~~~~~~
/home/samsung/DSA PROJECT/build/CMakeFiles/CMakeTmp/src.cxx:5:82: error: ‘make_error_code’ is not a member of ‘std’
    5 |                 throw std::filesystem::filesystem_error("Empty file name!", std::make_error_code(std::errc::invalid_argument));
      |                                                                                  ^~~~~~~~~~~~~~~
/home/samsung/DSA PROJECT/build/CMakeFiles/CMakeTmp/src.cxx:5:103: error: ‘std::errc’ has not been declared
    5 |                 throw std::filesystem::filesystem_error("Empty file name!", std::make_error_code(std::errc::invalid_argument));
      |                                                                                                       ^~~~
gmake[1]: *** [CMakeFiles/cmTC_f46f6.dir/build.make:78: CMakeFiles/cmTC_f46f6.dir/src.cxx.o] Error 1
gmake[1]: Leaving directory '/home/samsung/DSA PROJECT/build/CMakeFiles/CMakeTmp'
gmake: *** [Makefile:127: cmTC_f46f6/fast] Error 2


Source file was:
#include <filesystem>
            int main()
            {
                std::filesystem::path p{"	mp/"};
                throw std::filesystem::filesystem_error("Empty file name!", std::make_error_code(std::errc::invalid_argument));
            }
Performing C++ SOURCE FILE Test CXX_std__cpp17_FS_BuiltIn failed with the following output:
Change Dir: /home/samsung/DSA PROJECT/build/CMakeFiles/CMakeTmp

Run Build Command(s):/usr/bin/gmake -f Makefile cmTC_a517e/fast && /usr/bin/gmake  -f CMakeFiles/cmTC_a517e.dir/build.make CMakeFiles/cmTC_a517e.dir/build
gmake[1]: Entering directory '/home/samsung/DSA PROJECT/build/CMakeFiles/CMakeTmp'
Building CXX object CMakeFiles/cmTC_a517e.dir/src.cxx.o
/usr/bin/c++ -DCXX_std__cpp17_FS_BuiltIn  -std=c++17 -std=gnu++11 -o CMakeFiles/cmTC_a517e.dir/src.cxx.o -c "/home/samsung/DSA PROJECT/build/CMakeFiles/CMakeTmp/src.cxx"
/home/samsung/DSA PROJECT/build/CMakeFiles/CMakeTmp/src.cxx: In function ‘int main()’:
/home/samsung/DSA PROJECT/build/CMakeFiles/CMakeTmp/src.cxx:4:22: error: ‘std::filesystem’ has not been declared
    4 |                 std::filesystem::path p{"       mp/"};
      |                      ^~~~~~~~~~
/home/samsung/DSA PROJECT/build/CMakeFiles/CMakeTmp/src.cxx:5:28: error: ‘std::filesystem’ has not been declared
    5 |                 throw std::filesystem::filesystem_error("Empty file name!", std::make_error_code(std::errc::invalid_argument));
      |                            ^~~~~~~~~~
/home/samsung/DSA PROJECT/build/CMakeFiles/CMakeTmp/src.cxx:5:82: error: ‘make_error_code’ is not a member of ‘std’
    5 |                 throw std::filesystem::filesystem_error("Empty file name!", std::make_error_code(std::errc::invalid_argument));
      |                                                                                  ^~~~~~~~~~~~~~~
/home/samsung/DSA PROJECT/build/CMakeFiles/CMakeTmp/src.cxx:5:103: error: ‘std::errc’ has not been declared
    5 |                 throw std::filesystem::filesystem_error("Empty file name!", std::make_error_code(std::errc::invalid_argument));
      |                                                                                                       ^~~~
gmake[1]: *** [CMakeFiles/cmTC_a517e.dir/build.make:78: CMakeFiles/cmTC_a517e.dir/src.cxx.o] Error 1
gmake[1]: Leaving directory '/home/samsung/DSA PROJECT/build/CMakeFiles/CMakeTmp'
gmake: *** [Makefile:127: cmTC_a517e/fast] Error 2


Source file was:
#include <filesystem>
            int main()
            {
                std::filesystem::path p{"	mp/"};
                throw std::filesystem::filesystem_error("Empty file name!", std::make_error_code(std::errc::invalid_argument));
            }
Performing C++ SOURCE FILE Test CXX_std__cpp17_FS_stdcppfs failed with the following output:
Change Dir: /home/samsung/DSA PROJECT/build/CMakeFiles/CMakeTmp

Run Build Command(s):/usr/bin/gmake -f Makefile cmTC_3fcb9/fast && /usr/bin/gmake  -f CMakeFiles/cmTC_3fcb9.dir/build.make CMakeFiles/cmTC_3fcb9.dir/build
gmake[1]: Entering directory '/home/samsung/DSA PROJECT/build/CMakeFiles/CMakeTmp'
Building CXX object CMakeFiles/cmTC_3fcb9.dir/src.cxx.o
/usr/bin/c++ -DCXX_std__cpp17_FS_stdcppfs  -std=c++17 -std=gnu++11 -o CMakeFiles/cmTC_3fcb9.dir/src.cxx.o -c "/home/samsung/DSA PROJECT/build/CMakeFiles/CMakeTmp/src.cxx"
/home/samsung/DSA PROJECT/build/CMakeFiles/CMakeTmp/src.cxx: In function ‘int main()’:
/home/samsung/DSA PROJECT/build/CMakeFiles/CMakeTmp/src.cxx:4:22: error: ‘std::filesystem’ has not been declared
    4 |                 std::filesystem::path p{"       mp/"};
      |                      ^~~~~~~~~~
/home/samsung/DSA PROJECT/build/CMakeFiles/CMakeTmp/src.cxx:5:28: error: ‘std::filesystem’ has not been declared
    5 |                 throw std::filesystem::filesystem_error("Empty file name!", std::make_error_code(std::errc::invalid_argument));
      |                            ^~~~~~~~~~
/home/samsung/DSA PROJECT/build/CMakeFiles/CMakeTmp/src.cxx:5:82: error: ‘make_error_code’ is not a member of ‘std’
    5 |                 throw std::filesystem::filesystem_error("Empty file name!", std::make_error_code(std::errc::invalid_argument));
      |                                                                                  ^~~~~~~~~~~~~~~
/home/samsung/DSA PROJECT/build/CMakeFiles/CMakeTmp/src.cxx:5:103: error: ‘std::errc’ has not been declared
    5 |                 throw std::filesystem::filesystem_error("Empty file name!", std::make_error_code(std::errc::invalid_argument));
      |                                                                                                       ^~~~
gmake[1]: *** [CMakeFiles/cmTC_3fcb9.dir/build.make:78: CMakeFiles/cmTC_3fcb9.dir/src.cxx.o] Error 1
gmake[1]: Leaving directory '/home/samsung/DSA PROJECT/build/CMakeFiles/CMakeTmp'
gmake: *** [Makefile:127: cmTC_3fcb9/fast] Error 2


Source file was:
#include <filesystem>
            int main()
            {
                std::filesystem::path p{"	mp/"};
                throw std::filesystem::filesystem_error("Empty file name!", std::make_error_code(std::errc::invalid_argument));
            }
Performing C++ SOURCE FILE Test CXX_std__cpp17_FS_cppfs failed with the following output:
Change Dir: /home/samsung/DSA PROJECT/build/CMakeFiles/CMakeTmp

Run Build Command(s):/usr/bin/gmake -f Makefile cmTC_76f0e/fast && /usr/bin/gmake  -f CMakeFiles/cmTC_76f0e.dir/build.make CMakeFiles/cmTC_76f0e.dir/build
gmake[1]: Entering directory '/home/samsung/DSA PROJECT/build/CMakeFiles/CMakeTmp'
Building CXX object CMakeFiles/cmTC_76f0e.dir/src.cxx.o
/usr/bin/c++ -DCXX_std__cpp17_FS_cppfs  -std=c++17 -std=gnu++11 -o CMakeFiles/cmTC_76f0e.dir/src.cxx.o -c "/home/samsung/DSA PROJECT/build/CMakeFiles/CMakeTmp/src.cxx"
/home/samsung/DSA PROJECT/build/CMakeFiles/CMakeTmp/src.cxx: In function ‘int main()’:
/home/samsung/DSA PROJECT/build/CMakeFiles/CMakeTmp/src.cxx:4:22: error: ‘std::filesystem’ has not been declared
    4 |                 std::filesystem::path p{"       mp/"};
      |                      ^~~~~~~~~~
/home/samsung/DSA PROJECT/build/CMakeFiles/CMakeTmp/src.cxx:5:28: error: ‘std::filesystem’ has not been declared
    5 |                 throw std::filesystem::filesystem_error("Empty file name!", std::make_error_code(std::errc::invalid_argument));
      |                            ^~~~~~~~~~
/home/samsung/DSA PROJECT/build/CMakeFiles/CMakeTmp/src.cxx:5:82: error: ‘make_error_code’ is not a member of ‘std’
    5 |                 throw std::filesystem::filesystem_error("Empty file name!", std::make_error_code(std::errc::invalid_argument));
      |                                                                                  ^~~~~~~~~~~~~~~
/home/samsung/DSA PROJECT/build/CMakeFiles/CMakeTmp/src.cxx:5:103: error: ‘std::errc’ has not been declared
    5 |                 throw std::filesystem::filesystem_error("Empty file name!", std::make_error_code(std::errc::invalid_argument));
      |                                                                                                       ^~~~
gmake[1]: *** [CMakeFiles/cmTC_76f0e.dir/build.make:78: CMakeFiles/cmTC_76f0e.dir/src.cxx.o] Error 1
gmake[1]: Leaving directory '/home/samsung/DSA PROJECT/build/CMakeFiles/CMakeTmp'
gmake: *** [Makefile:127: cmTC_76f0e/fast] Error 2


Source file was:
#include <filesystem>
            int main()
            {
                std::filesystem::path p{"	mp/"};
                throw std::filesystem::filesystem_error("Empty file name!", std::make_error_code(std::errc::invalid_argument));
            }
Performing C++ SOURCE FILE Test CXX_std_cpp17_FS_BuiltIn failed with the following output:
Change Dir: /home/samsung/DSA PROJECT/build/CMakeFiles/CMakeTmp

Run Build Command(s):/usr/bin/gmake -f Makefile cmTC_4acb9/fast && /usr/bin/gmake  -f CMakeFiles/cmTC_4acb9.dir/build.make CMakeFiles/cmTC_4acb9.dir/build
gmake[1]: Entering directory '/home/samsung/DSA PROJECT/build/CMakeFiles/CMakeTmp'
Building CXX object CMakeFiles/cmTC_4acb9.dir/src.cxx.o
/usr/bin/c++ -DCXX_std_cpp17_FS_BuiltIn  /std:c++17 -std=gnu++11 -o CMakeFiles/cmTC_4acb9.dir/src.cxx.o -c "/home/samsung/DSA PROJECT/build/CMakeFiles/CMakeTmp/src.cxx"
/home/samsung/DSA PROJECT/build/CMakeFiles/CMakeTmp/src.cxx: In function ‘int main()’:
/home/samsung/DSA PROJECT/build/CMakeFiles/CMakeTmp/src.cxx:4:22: error: ‘std::filesystem’ has not been declared
    4 |                 std::filesystem::path p{"       mp/"};
      |                      ^~~~~~~~~~
/home/samsung/DSA PROJECT/build/CMakeFiles/CMakeTmp/src.cxx:5:28: error: ‘std::filesystem’ has not been declared
    5 |                 throw std::filesystem::filesystem_error("Empty file name!", std::make_error_code(std::errc::invalid_argument));
      |                            ^~~~~~~~~~
/home/samsung/DSA PROJECT/build/CMakeFiles/CMakeTmp/src.cxx:5:82: error: ‘make_error_code’ is not a member of ‘std’
    5 |                 throw std::filesystem::filesystem_error("Empty file name!", std::make_error_code(std::errc::invalid_argument));
      |                                                                                  ^~~~~~~~~~~~~~~
/home/samsung/DSA PROJECT/build/CMakeFiles/CMakeTmp/src.cxx:5:103: error: ‘std::errc’ has not been declared
    5 |                 throw std::filesystem::filesystem_error("Empty file name!", std::make_error_code(std::errc::invalid_argument));
      |                                                                                                       ^~~~
gmake[1]: *** [CMakeFiles/cmTC_4acb9.dir/build.make:78: CMakeFiles/cmTC_4acb9.dir/src.cxx.o] Error 1
gmake[1]: Leaving directory '/home/samsung/DSA PROJECT/build/CMakeFiles/CMakeTmp'
gmake: *** [Makefile:127: cmTC_4acb9/fast] Error 2


Source file was:
#include <filesystem>
            int main()
            {
                std::filesystem::path p{"	mp/"};
                throw std::filesystem::filesystem_error("Empty file name!", std::make_error_code(std::errc::invalid_argument));
            }
Performing C++ SOURCE FILE Test CXX_std_cpp17_FS_stdcppfs failed with the following output:
Change Dir: /home/samsung/DSA PROJECT/build/CMakeFiles/CMakeTmp

Run Build Command(s):/usr/bin/gmake -f Makefile cmTC_76718/fast && /usr/bin/gmake  -f CMakeFiles/cmTC_76718.dir/build.make CMakeFiles/cmTC_76718.dir/build
gmake[1]: Entering directory '/home/samsung/DSA PROJECT/build/CMakeFiles/CMakeTmp'
Building CXX object CMakeFiles/cmTC_76718.dir/src.cxx.o
/usr/bin/c++ -DCXX_std_cpp17_FS_stdcppfs  /std:c++17 -std=gnu++11 -o CMakeFiles/cmTC_76718.dir/src.cxx.o -c "/home/samsung/DSA PROJECT/build/CMakeFiles/CMakeTmp/src.cxx"
/home/samsung/DSA PROJECT/build/CMakeFiles/CMakeTmp/src.cxx: In function ‘int main()’:
/home/samsung/DSA PROJECT/build/CMakeFiles/CMakeTmp/src.cxx:4:22: error: ‘std::filesystem’ has not been declared
    4 |                 std::filesystem::path p{"       mp/"};
      |                      ^~~~~~~~~~
/home/samsung/DSA PROJECT/build/CMakeFiles/CMakeTmp/src.cxx:5:28: error: ‘std::filesystem’ has not been declared
    5 |                 throw std::filesystem::filesystem_error("Empty file name!", std::make_error_code(std::errc::invalid_argument));
      |                            ^~~~~~~~~~
/home/samsung/DSA PROJECT/build/CMakeFiles/CMakeTmp/src.cxx:5:82: error: ‘make_error_code’ is not a member of ‘std’
    5 |                 throw std::filesystem::filesystem_error("Empty file name!", std::make_error_code(std::errc::invalid_argument));
      |                                                                                  ^~~~~~~~~~~~~~~
/home/samsung/DSA PROJECT/build/CMakeFiles/CMakeTmp/src.cxx:5:103: error: ‘std::errc’ has not been declared
    5 |                 throw std::filesystem::filesystem_error("Empty file name!", std::make_error_code(std::errc::invalid_argument));
      |                                                                                                       ^~~~
gmake[1]: *** [CMakeFiles/cmTC_76718.dir/build.make:78: CMakeFiles/cmTC_76718.dir/src.cxx.o] Error 1
gmake[1]: Leaving directory '/home/samsung/DSA PROJECT/build/CMakeFiles/CMakeTmp'
gmake: *** [Makefile:127: cmTC_76718/fast] Error 2


Source file was:
#include <filesystem>
            int main()
            {
                std::filesystem::path p{"	mp/"};
                throw std::filesystem::filesystem_error("Empty file name!", std::make_error_code(std::errc::invalid_argument));
            }
Performing C++ SOURCE FILE Test CXX_std_cpp17_FS_cppfs failed with the following output:
Change Dir: /home/samsung/DSA PROJECT/build/CMakeFiles/CMakeTmp

Run Build Command(s):/usr/bin/gmake -f Makefile cmTC_2e79d/fast && /usr/bin/gmake  -f CMakeFiles/cmTC_2e79d.dir/build.make CMakeFiles/cmTC_2e79d.dir/build
gmake[1]: Entering directory '/home/samsung/DSA PROJECT/build/CMakeFiles/CMakeTmp'
Building CXX object CMakeFiles/cmTC_2e79d.dir/src.cxx.o
/usr/bin/c++ -DCXX_std_cpp17_FS_cppfs  /std:c++17 -std=gnu++11 -o CMakeFiles/cmTC_2e79d.dir/src.cxx.o -c "/home/samsung/DSA PROJECT/build/CMakeFiles/CMakeTmp/src.cxx"
/home/samsung/DSA PROJECT/build/CMakeFiles/CMakeTmp/src.cxx: In function ‘int main()’:
/home/samsung/DSA PROJECT/build/CMakeFiles/CMakeTmp/src.cxx:4:22: error: ‘std::filesystem’ has not been declared
    4 |                 std::filesystem::path p{"       mp/"};
      |                      ^~~~~~~~~~
/home/samsung/DSA PROJECT/build/CMakeFiles/CMakeTmp/src.cxx:5:28: error: ‘std::filesystem’ has not been declared
    5 |                 throw std::filesystem::filesystem_error("Empty file name!", std::make_error_code(std::errc::invalid_argument));
      |                            ^~~~~~~~~~
/home/samsung/DSA PROJECT/build/CMakeFiles/CMakeTmp/src.cxx:5:82: error: ‘make_error_code’ is not a member of ‘std’
    5 |                 throw std::filesystem::filesystem_error("Empty file name!", std::make_error_code(std::errc::invalid_argument));
      |                                                                                  ^~~~~~~~~~~~~~~
/home/samsung/DSA PROJECT/build/CMakeFiles/CMakeTmp/src.cxx:5:103: error: ‘std::errc’ has not been declared
    5 |                 throw std::filesystem::filesystem_error("Empty file name!", std::make_error_code(std::errc::invalid_argument));
      |                                                                                                       ^~~~
gmake[1]: *** [CMakeFiles/cmTC_2e79d.dir/build.make:78: CMakeFiles/cmTC_2e79d.dir/src.cxx.o] Error 1
gmake[1]: Leaving directory '/home/samsung/DSA PROJECT/build/CMakeFiles/CMakeTmp'
gmake: *** [Makefile:127: cmTC_2e79d/fast] Error 2


Source file was:
#include <filesystem>
            int main()
            {
                std::filesystem::path p{"	mp/"};
                throw std::filesystem::filesystem_error("Empty file name!", std::make_error_code(std::errc::invalid_argument));
            }
